------------------------------------------------------------------------------------------------------------
      name:  <unnamed>
       log:  W:\C6_Fang\WMH\Projects\Yihui\Sexdiff_suicide\output/Figure2.log
  log type:  text
 opened on:  25 Dec 2024, 18:00:30

. 
. 
. matrix X = J(1, 6,.)

. 
. foreach i of num 1/3 {
  2.                 
. * Import data
. use "data/data`i'.dta", clear
  3. 
.  foreach j of num 0/1 {
  4.         
.         preserve
  5.         keep if far==`j'
  6.         
. gen py=round(fu/365.25)
  7.         
. 
. * sum up events and person-time
. collapse (sum) _d py, by(agec cal wk)
  8. 
. 
. * direct standardization
. qui:dstdize _d py agec cal, by(wk) using(data/stdpop2)
  9.   matrix ir = r(adj)
 10.   matrix ub = r(ub) 
 11.   matrix lb = r(lb)
 12.  
. * extract SIR     
.   matrix A = J(53, 6,.)
 13.   
.   levelsof wk, local(lvl) 
 14.   
.  
.  foreach k of local lvl { 
 15.    matrix A[`k',1] = `i' 
 16.    matrix A[`k',2] = `j'
 17.    matrix A[`k',3] = `k'
 18.    matrix A[`k',4] = ir[1,`k']*1000
 19.    matrix A[`k',5] = lb[1,`k']*1000
 20.    matrix A[`k',6] = ub[1,`k']*1000
 21.  } 
 22.  
.   mat X = X\A   
 23.   restore
 24.  }  
 25. 
. }  
(946,840 observations deleted)
1 2 3 4 5 6 7 8 9 10 11 12 13 14 15 16 17 18 19 20 21 22 23 24 25 26 27 28 29 30 31 32 33 34 35 36 37 38 39 
> 40 41 42 43 44 45 46 47 48 49 50 51 52 53
(956,315 observations deleted)
1 2 3 4 5 6 7 8 9 10 11 12 13 14 15 16 17 18 19 20 21 22 23 24 25 26 27 28 29 30 31 32 33 34 35 36 37 38 39 
> 40 41 42 43 44 45 46 47 48 49 50 51 52 53
(726,570 observations deleted)
1 2 3 4 5 6 7 8 9 10 11 12 13 14 15 16 17 18 19 20 21 22 23 24 25 26 27 28 29 30 31 32 33 34 35 36 37 38 39 
> 40 41 42 43 44 45 46
(756,017 observations deleted)
1 2 3 4 5 6 7 8 9 10 11 12 13 14 15 16 17 18 19 20 21 22 23 24 25 26 27 28 29 30 31 32 33 34 35 36 37 38 39 
> 40 41 42 43 44 45 46
(916,815 observations deleted)
1 2 3 4 5 6 7 8 9 10 11 12 13 14 15 16 17 18 19 20 21 22 23 24 25 26 27 28 29 30 31 32 33 34 35 36 37 38 39 
> 40 41 42 43 44 45 46 47 48 49 50 51 52 53
(887,428 observations deleted)
1 2 3 4 5 6 7 8 9 10 11 12 13 14 15 16 17 18 19 20 21 22 23 24 25 26 27 28 29 30 31 32 33 34 35 36 37 38 39 
> 40 41 42 43 44 45 46 47 48 49 50 51 52 53

. 
. matrix colnames X=prd far wk ir lb ub

. 
. clear

. svmat X, names(col)
number of observations will be reset to 319
Press any key to continue, or Break to abort
Number of observations (_N) was 0, now 319.

. save output/figure2, replace
file output/figure2.dta saved

. 
. **
. ** visulize
. **
. 
. use output/figure2, clear

. 
. * label phase
. label define prdlab 1 "Preconception" 2 "Antepartum" 3 "Postpartum"

. label values prd prdlab

. 
. *drop observations
. drop if  ir==9000 | ir==.
(21 observations deleted)

. drop if prd==2 & wk>40 
(6 observations deleted)

. 
. *generate smoothed ci using lowess
. foreach i of num 0/1 {
  2.         foreach j of num 1/3{
  3.                 
.                 lowess lb wk if far==`i' & prd==`j', gen(lbs`i'`j') nograph
  4.         lowess ub wk if far==`i' & prd==`j', gen(ubs`i'`j') nograph
  5.         lowess ir wk if far==`i' & prd==`j', nograph gen(irs`i'`j')
  6. 
.                 }
  7. }

. 
. gen lbs=min(lbs01,lbs02,lbs03,lbs11,lbs12,lbs13)

. gen ubs=min(ubs01,ubs02,ubs03,ubs11,ubs12,ubs13)
(2 missing values generated)

. gen irs=min(irs01,irs02,irs03,irs11,irs12,irs13)

. 
. 
. 
. * plot
. twoway ///
>         (rarea lbs ubs wk if far==0 , color(pink) lw(none) fi(inten10)) ///
>         (rarea lbs ubs wk if far==1 , color(ltblue) lw(none) fi(inten20)) ///
>     (scatter ir wk if far==0 , msymbol(O) mcolor(red) sort) /// 
>         (line irs wk if far==0 , color(pink)  fi(inten10)) ///
>         (scatter ir wk if far==1 , msymbol(O) mcolor(midblue) sort) ///
>         (line irs wk if far==1 , color(navy)  fi(inten10)), ///
> by(prd, rows(1) ixaxes iyaxes graphregion(color(white)) note("") legend(position(6))) ///
> legend(order(4 6) lab(4 "Mothers") lab (6 "Fathers") rows(1) region(lcolor(white)) size(vsmall)) graphregi
> on(color(white)) ///
> xlabel(0(5)52) xsize(20) ysize(7) ///
> ytitle("Standardized incidence rate (1000 person-years)",size(small)) ///
> xtitle("Week",size(small)) ///
> saving(output/figure2,replace) 
file output/figure2.gph saved

. 
. 
. 
. * output
. graph use output/figure2

. graph export output/figure2.jpg, replace
file output/figure2.jpg written in JPEG format

. 
. * log close
. 
. 
end of do-file

. exit, clear
